<?xml version="1.0" encoding="UTF-8"?>
<!-- Generated by org.testng.reporters.JUnitReportReporter -->
<testsuite hostname="lpz-ee212545" failures="0" tests="1" name="Test.Holiday.HolidayTest" time="9.341" errors="0" timestamp="2023-01-30T11:09:32 IST" skipped="0">
  <testcase classname="Test.Holiday.HolidayTest" name="H1" time="9.341"/>
  <system-out/>
</testsuite> <!-- Test.Holiday.HolidayTest -->
